<?xml version="1.0" encoding="UTF-8"?>
<testng-results skipped="0" failed="0" ignored="0" total="2" passed="2">
  <reporter-output>
  </reporter-output>
  <suite name="AutomationSuite" duration-ms="26656" started-at="2021-02-23T11:56:53Z" finished-at="2021-02-23T11:57:20Z">
    <groups>
    </groups>
    <test name="SmokeTest" duration-ms="26656" started-at="2021-02-23T11:56:53Z" finished-at="2021-02-23T11:57:20Z">
      <class name="scripts.InvalidLogin">
        <test-method status="PASS" signature="preCondition()[pri:0, instance:scripts.InvalidLogin@5c7fa833]" name="preCondition" is-config="true" duration-ms="10808" started-at="2021-02-23T17:26:53Z" finished-at="2021-02-23T17:27:04Z">
          <reporter-output>
          </reporter-output>
        </test-method> <!-- preCondition -->
        <test-method status="PASS" signature="testInvalidLogin()[pri:0, instance:scripts.InvalidLogin@5c7fa833]" name="testInvalidLogin" duration-ms="1855" started-at="2021-02-23T17:27:04Z" finished-at="2021-02-23T17:27:06Z">
          <reporter-output>
          </reporter-output>
        </test-method> <!-- testInvalidLogin -->
        <test-method status="PASS" signature="postCondition()[pri:0, instance:scripts.InvalidLogin@5c7fa833]" name="postCondition" is-config="true" duration-ms="39" started-at="2021-02-23T17:27:06Z" finished-at="2021-02-23T17:27:06Z">
          <reporter-output>
          </reporter-output>
        </test-method> <!-- postCondition -->
      </class> <!-- scripts.InvalidLogin -->
      <class name="scripts.ValidLogin">
        <test-method status="PASS" signature="preCondition()[pri:0, instance:scripts.ValidLogin@39aeed2f]" name="preCondition" is-config="true" duration-ms="9938" started-at="2021-02-23T17:27:06Z" finished-at="2021-02-23T17:27:16Z">
          <reporter-output>
          </reporter-output>
        </test-method> <!-- preCondition -->
        <test-method status="PASS" signature="testValidLogin()[pri:0, instance:scripts.ValidLogin@39aeed2f]" name="testValidLogin" duration-ms="3945" started-at="2021-02-23T17:27:16Z" finished-at="2021-02-23T17:27:20Z">
          <reporter-output>
          </reporter-output>
        </test-method> <!-- testValidLogin -->
        <test-method status="PASS" signature="postCondition()[pri:0, instance:scripts.ValidLogin@39aeed2f]" name="postCondition" is-config="true" duration-ms="52" started-at="2021-02-23T17:27:20Z" finished-at="2021-02-23T17:27:20Z">
          <reporter-output>
          </reporter-output>
        </test-method> <!-- postCondition -->
      </class> <!-- scripts.ValidLogin -->
    </test> <!-- SmokeTest -->
  </suite> <!-- AutomationSuite -->
</testng-results>
